#
# There is insufficient memory for the Java Runtime Environment to continue.
# Native memory allocation (malloc) failed to allocate 32784 bytes for Chunk::new
# Possible reasons:
#   The system is out of physical RAM or swap space
#   In 32 bit mode, the process size limit was hit
# Possible solutions:
#   Reduce memory load on the system
#   Increase physical memory or swap space
#   Check if swap backing store is full
#   Use 64 bit Java on a 64 bit OS
#   Decrease Java heap size (-Xmx/-Xms)
#   Decrease number of Java threads
#   Decrease Java thread stack sizes (-Xss)
#   Set larger code cache with -XX:ReservedCodeCacheSize=
# This output file may be truncated or incomplete.
#
#  Out of Memory Error (allocation.cpp:328), pid=3176, tid=932
#
# JRE version: 7.0_25-b17
# Java VM: Java HotSpot(TM) 64-Bit Server VM (23.25-b01 mixed mode windows-amd64 compressed oops)
# Failed to write core dump. Minidumps are not enabled by default on client versions of Windows
#

---------------  T H R E A D  ---------------

Current thread (0x0000000008650800):  JavaThread "C2 CompilerThread0" daemon [_thread_in_native, id=932, stack(0x0000000009c10000,0x0000000009d10000)]

Stack: [0x0000000009c10000,0x0000000009d10000]
[error occurred during error reporting (printing stack bounds), id 0xc0000005]


[error occurred during error reporting (printing native stack), id 0xc0000005]


Current CompileTask:
C2:   1640   70             com.android.dx.ssa.SsaMethod::computeReachability (131 bytes)


---------------  P R O C E S S  ---------------

Java Threads: ( => current thread )
  0x000000000865d000 JavaThread "Service Thread" daemon [_thread_blocked, id=8096, stack(0x0000000009e10000,0x0000000009f10000)]
  0x000000000865a800 JavaThread "C2 CompilerThread1" daemon [_thread_blocked, id=5084, stack(0x0000000009d10000,0x0000000009e10000)]
=>0x0000000008650800 JavaThread "C2 CompilerThread0" daemon [_thread_in_native, id=932, stack(0x0000000009c10000,0x0000000009d10000)]
  0x000000000864f800 JavaThread "Attach Listener" daemon [_thread_blocked, id=7156, stack(0x0000000009b10000,0x0000000009c10000)]
  0x000000000864c000 JavaThread "Signal Dispatcher" daemon [_thread_blocked, id=808, stack(0x0000000009a10000,0x0000000009b10000)]
  0x00000000085e8000 JavaThread "Finalizer" daemon [_thread_blocked, id=2780, stack(0x0000000009910000,0x0000000009a10000)]
  0x00000000085df000 JavaThread "Reference Handler" daemon [_thread_blocked, id=7100, stack(0x0000000009810000,0x0000000009910000)]
  0x0000000002080800 JavaThread "main" [_thread_in_Java, id=5116, stack(0x0000000000820000,0x0000000000920000)]

Other Threads:
  0x00000000085d6800 VMThread [stack: 0x0000000009710000,0x0000000009810000] [id=2552]
  0x0000000008673000 WatcherThread [stack: 0x0000000009f10000,0x000000000a010000] [id=7068]

VM state:not at safepoint (normal execution)

VM Mutex/Monitor currently owned by a thread: None

Heap
 PSYoungGen      total 18304K, used 11670K [0x00000000eaab0000, 0x00000000ebf10000, 0x0000000100000000)
  eden space 15744K, 74% used [0x00000000eaab0000,0x00000000eb6159a0,0x00000000eba10000)
  from space 2560K, 0% used [0x00000000ebc90000,0x00000000ebc90000,0x00000000ebf10000)
  to   space 2560K, 0% used [0x00000000eba10000,0x00000000eba10000,0x00000000ebc90000)
 ParOldGen       total 41728K, used 0K [0x00000000c0000000, 0x00000000c28c0000, 0x00000000eaab0000)
  object space 41728K, 0% used [0x00000000c0000000,0x00000000c0000000,0x00000000c28c0000)
 PSPermGen       total 21248K, used 5418K [0x00000000bae00000, 0x00000000bc2c0000, 0x00000000c0000000)
  object space 21248K, 25% used [0x00000000bae00000,0x00000000bb34aa58,0x00000000bc2c0000)

Card table byte_map: [0x0000000005240000,0x0000000005470000] byte_map_base: 0x0000000004c69000

Polling page: 0x00000000006a0000

Code Cache  [0x0000000002180000, 0x00000000023f0000, 0x0000000005180000)
 total_blobs=303 nmethods=71 adapters=183 free_code_cache=48670Kb largest_free_block=49812544

Compilation events (10 events):
Event: 1.608 Thread 0x0000000008650800   67             java.util.ArrayList$Itr::<init> (26 bytes)
Event: 1.608 Thread 0x0000000008650800 nmethod 67 0x00000000021fa590 code [0x00000000021fa6c0, 0x00000000021fa738]
Event: 1.608 Thread 0x000000000865a800 nmethod 66 0x00000000021f7950 code [0x00000000021f7a80, 0x00000000021f7af8]
Event: 1.615 Thread 0x0000000008650800   68             java.util.ArrayList::iterator (10 bytes)
Event: 1.616 Thread 0x0000000008650800 nmethod 68 0x00000000021f7690 code [0x00000000021f77e0, 0x00000000021f7898]
Event: 1.625 Thread 0x000000000865a800   69             java.util.BitSet::get (69 bytes)
Event: 1.626 Thread 0x000000000865a800 nmethod 69 0x00000000021f73d0 code [0x00000000021f7500, 0x00000000021f75b8]
Event: 1.631 Thread 0x0000000008650800   70             com.android.dx.ssa.SsaMethod::computeReachability (131 bytes)
Event: 1.631 Thread 0x000000000865a800   71             com.android.dx.rop.code.BasicBlockList::get (9 bytes)
Event: 1.632 Thread 0x000000000865a800 nmethod 71 0x00000000021f7090 code [0x00000000021f71e0, 0x00000000021f7298]

GC Heap History (0 events):
No events

Deoptimization events (1 events):
Event: 1.573 Thread 0x0000000002080800 Uncommon trap -34 fr.pc 0x00000000021f2c74

Internal exceptions (10 events):
Event: 1.047 Thread 0x0000000002080800 Threw 0x00000000eb25e2a8 at C:\jdk7u2_64p\jdk7u25\hotspot\src\share\vm\prims\jvm.cpp:1235
Event: 1.048 Thread 0x0000000002080800 Threw 0x00000000eb262d90 at C:\jdk7u2_64p\jdk7u25\hotspot\src\share\vm\prims\jvm.cpp:1235
Event: 1.048 Thread 0x0000000002080800 Threw 0x00000000eb2660e8 at C:\jdk7u2_64p\jdk7u25\hotspot\src\share\vm\prims\jvm.cpp:1235
Event: 1.202 Thread 0x0000000002080800 Threw 0x00000000eb359bc0 at C:\jdk7u2_64p\jdk7u25\hotspot\src\share\vm\prims\jvm.cpp:1235
Event: 1.203 Thread 0x0000000002080800 Threw 0x00000000eb35d2b0 at C:\jdk7u2_64p\jdk7u25\hotspot\src\share\vm\prims\jvm.cpp:1235
Event: 1.219 Thread 0x0000000002080800 Threw 0x00000000eb3785c0 at C:\jdk7u2_64p\jdk7u25\hotspot\src\share\vm\prims\jvm.cpp:1235
Event: 1.221 Thread 0x0000000002080800 Threw 0x00000000eb3865f8 at C:\jdk7u2_64p\jdk7u25\hotspot\src\share\vm\prims\jvm.cpp:1235
Event: 1.222 Thread 0x0000000002080800 Threw 0x00000000eb3895a0 at C:\jdk7u2_64p\jdk7u25\hotspot\src\share\vm\prims\jvm.cpp:1235
Event: 1.261 Thread 0x0000000002080800 Threw 0x00000000eb3c28d0 at C:\jdk7u2_64p\jdk7u25\hotspot\src\share\vm\prims\jvm.cpp:1235
Event: 1.269 Thread 0x0000000002080800 Threw 0x00000000eb3ce948 at C:\jdk7u2_64p\jdk7u25\hotspot\src\share\vm\prims\jvm.cpp:1235

Events (10 events):
Event: 1.222 loading class 0x00000000086ae320
Event: 1.222 loading class 0x00000000086ae320 done
Event: 1.261 loading class 0x000000000a0f9ad0
Event: 1.261 loading class 0x000000000a0f9ad0 done
Event: 1.269 loading class 0x000000000a152200
Event: 1.269 loading class 0x000000000a152200 done
Event: 1.573 Thread 0x0000000002080800 DEOPT PACKING pc=0x00000000021f2c74 sp=0x000000000091e9b0
Event: 1.573 Thread 0x0000000002080800 DEOPT UNPACKING pc=0x00000000021b9164 sp=0x000000000091e900 mode 2
Event: 1.607 loading class 0x000000000852aac0
Event: 1.607 loading class 0x000000000852aac0 done


Dynamic libraries:
0x00007ff7677c0000 - 0x00007ff7677f3000 	C:\Program Files\Java\jdk1.7.0_25\bin\java.exe
0x00007ff941ab0000 - 0x00007ff941c5c000 	C:\WINDOWS\SYSTEM32\ntdll.dll
0x00007ff941800000 - 0x00007ff94193a000 	C:\WINDOWS\system32\KERNEL32.DLL
0x00007ff93f220000 - 0x00007ff93f32f000 	C:\WINDOWS\system32\KERNELBASE.dll
0x00007ff93da00000 - 0x00007ff93da88000 	C:\WINDOWS\system32\apphelp.dll
0x00007ff9330f0000 - 0x00007ff93313f000 	C:\WINDOWS\AppPatch\AppPatch64\AcGenral.DLL
0x00007ff9416e0000 - 0x00007ff941787000 	C:\WINDOWS\system32\msvcrt.dll
0x00007ff93ecd0000 - 0x00007ff93ecfb000 	C:\WINDOWS\SYSTEM32\SspiCli.dll
0x00007ff9417a0000 - 0x00007ff9417f1000 	C:\WINDOWS\system32\SHLWAPI.dll
0x00007ff93f6c0000 - 0x00007ff93f831000 	C:\WINDOWS\system32\USER32.dll
0x00007ff93f840000 - 0x00007ff93f9b8000 	C:\WINDOWS\system32\ole32.dll
0x00007ff93fa70000 - 0x00007ff940e7f000 	C:\WINDOWS\system32\SHELL32.dll
0x00007ff93e460000 - 0x00007ff93e47e000 	C:\WINDOWS\SYSTEM32\USERENV.dll
0x00007ff941520000 - 0x00007ff9415c5000 	C:\WINDOWS\system32\ADVAPI32.dll
0x00007ff932fd0000 - 0x00007ff932feb000 	C:\WINDOWS\SYSTEM32\MPR.dll
0x00007ff941060000 - 0x00007ff941197000 	C:\WINDOWS\system32\RPCRT4.dll
0x00007ff941680000 - 0x00007ff9416d7000 	C:\WINDOWS\SYSTEM32\sechost.dll
0x00007ff940e80000 - 0x00007ff941056000 	C:\WINDOWS\SYSTEM32\combase.dll
0x00007ff9413d0000 - 0x00007ff941514000 	C:\WINDOWS\system32\GDI32.dll
0x00007ff93ee20000 - 0x00007ff93ee34000 	C:\WINDOWS\SYSTEM32\profapi.dll
0x00007ff93d200000 - 0x00007ff93d29f000 	C:\WINDOWS\SYSTEM32\SHCORE.dll
0x00007ff9415d0000 - 0x00007ff941604000 	C:\WINDOWS\system32\IMM32.DLL
0x00007ff9411a0000 - 0x00007ff9412d9000 	C:\WINDOWS\system32\MSCTF.dll
0x00007ff93c6d0000 - 0x00007ff93c92a000 	C:\WINDOWS\WinSxS\amd64_microsoft.windows.common-controls_6595b64144ccf1df_6.0.9600.17031_none_6242a4b3ecbb55a1\COMCTL32.dll
0x000000005ae60000 - 0x000000005af31000 	C:\Program Files\Java\jdk1.7.0_25\jre\bin\msvcr100.dll
0x000000005a750000 - 0x000000005ae5f000 	C:\Program Files\Java\jdk1.7.0_25\jre\bin\server\jvm.dll
0x00007ff937270000 - 0x00007ff937279000 	C:\WINDOWS\SYSTEM32\WSOCK32.dll
0x00007ff937420000 - 0x00007ff93743f000 	C:\WINDOWS\SYSTEM32\WINMM.dll
0x00007ff941aa0000 - 0x00007ff941aa7000 	C:\WINDOWS\system32\PSAPI.DLL
0x00007ff9419e0000 - 0x00007ff941a38000 	C:\WINDOWS\system32\WS2_32.dll
0x00007ff9373f0000 - 0x00007ff93741a000 	C:\WINDOWS\SYSTEM32\WINMMBASE.dll
0x00007ff941670000 - 0x00007ff941679000 	C:\WINDOWS\system32\NSI.dll
0x00007ff93f0d0000 - 0x00007ff93f11a000 	C:\WINDOWS\SYSTEM32\cfgmgr32.dll
0x00007ff93dc70000 - 0x00007ff93dc96000 	C:\WINDOWS\SYSTEM32\DEVOBJ.dll
0x000000005afb0000 - 0x000000005afbf000 	C:\Program Files\Java\jdk1.7.0_25\jre\bin\verify.dll
0x000000005a720000 - 0x000000005a748000 	C:\Program Files\Java\jdk1.7.0_25\jre\bin\java.dll
0x000000005af90000 - 0x000000005afa5000 	C:\Program Files\Java\jdk1.7.0_25\jre\bin\zip.dll
0x000000005a700000 - 0x000000005a719000 	C:\Program Files\Java\jdk1.7.0_25\jre\bin\net.dll
0x00007ff93e820000 - 0x00007ff93e878000 	C:\WINDOWS\system32\mswsock.dll
0x000000005a6e0000 - 0x000000005a6f1000 	C:\Program Files\Java\jdk1.7.0_25\jre\bin\nio.dll

VM Arguments:
jvm_args: -Xmx1024M -Dfile.encoding=windows-1252 -Duser.country=SG -Duser.language=en -Duser.variant 
java_command: com.android.dx.command.Main --dex --output D:\Dropbox\Programming\Android.Training\MyCalc\app\build\intermediates\pre-dexed\debug\backend-android-endpoints-f1ada05e1ad4274722eb569e527c8e8101784376.jar D:\Dropbox\Programming\Android.Training\MyCalc\backend\build\libs\backend-android-endpoints.jar
Launcher Type: SUN_STANDARD

Environment Variables:
JAVA_HOME=C:\Program Files\Java\jdk1.8.0_25
PATH=C:\ProgramData\Oracle\Java\javapath;C:\MinGW\bin;C:\windows\system32;C:\Program Files\Java\jdk1.8.0_25\bin;C:\Program Files (x86)\Windows Live\Shared;C:\_Program\Android Development\android-sdk_r10-windows\android-sdk-windows\tools;C:\apacheANT\bin;C:\_Program\Android Development\android-sdk_r10-windows\android-sdk-windows\platform-tools;C:\OpenSSL\bin;C:\Program Files\Common Files\Autodesk Shared\;C:\WINDOWS\system32;C:\WINDOWS;C:\WINDOWS\System32\Wbem;C:\WINDOWS\System32\WindowsPowerShell\v1.0\;D:\CobaCoba\jflex\bin\;C:\Program Files (x86)\Windows Kits\8.0\Windows Performance Toolkit\;C:\Program Files (x86)\MySQL\MySQL Utilities 1.4.3\;C:\Program Files (x86)\MySQL\MySQL Utilities 1.4.3\Doctrine extensions for PHP\;C:\Program Files (x86)\Common Files\lenovo\easyplussdk\bin;C:\Program Files (x86)\Cracklock\Bin
USERNAME=franziz
OS=Windows_NT
PROCESSOR_IDENTIFIER=Intel64 Family 6 Model 58 Stepping 9, GenuineIntel



---------------  S Y S T E M  ---------------

OS: Windows 8 , 64 bit Build 9200 

CPU:total 4 (2 cores per cpu, 2 threads per core) family 6 model 58 stepping 9, cmov, cx8, fxsr, mmx, sse, sse2, sse3, ssse3, sse4.1, sse4.2, popcnt, avx, ht, tsc, tscinvbit, tscinv

Memory: 4k page, physical 4005148k(528532k free), swap 7150876k(4812k free)

vm_info: Java HotSpot(TM) 64-Bit Server VM (23.25-b01) for windows-amd64 JRE (1.7.0_25-b17), built on Jun 21 2013 12:58:32 by "java_re" with unknown MS VC++:1600

time: Fri Feb 27 21:53:20 2015
elapsed time: 1 seconds

