#
# There is insufficient memory for the Java Runtime Environment to continue.
# Native memory allocation (malloc) failed to allocate 160976 bytes for Chunk::new
# Possible reasons:
#   The system is out of physical RAM or swap space
#   In 32 bit mode, the process size limit was hit
# Possible solutions:
#   Reduce memory load on the system
#   Increase physical memory or swap space
#   Check if swap backing store is full
#   Use 64 bit Java on a 64 bit OS
#   Decrease Java heap size (-Xmx/-Xms)
#   Decrease number of Java threads
#   Decrease Java thread stack sizes (-Xss)
#   Set larger code cache with -XX:ReservedCodeCacheSize=
# This output file may be truncated or incomplete.
#
#  Out of Memory Error (allocation.cpp:328), pid=3328, tid=1004
#
# JRE version: 7.0_25-b17
# Java VM: Java HotSpot(TM) 64-Bit Server VM (23.25-b01 mixed mode windows-amd64 compressed oops)
# Failed to write core dump. Minidumps are not enabled by default on client versions of Windows
#

---------------  T H R E A D  ---------------

Current thread (0x0000000008c20800):  JavaThread "C2 CompilerThread0" daemon [_thread_in_native, id=1004, stack(0x000000000a1e0000,0x000000000a2e0000)]

Stack: [0x000000000a1e0000,0x000000000a2e0000]

Current CompileTask:
C2:   9481  579             java.util.ComparableTimSort::binarySort (223 bytes)


---------------  P R O C E S S  ---------------

Java Threads: ( => current thread )
  0x0000000008c2d800 JavaThread "Service Thread" daemon [_thread_blocked, id=2104, stack(0x000000000a3e0000,0x000000000a4e0000)]
  0x0000000008c2a800 JavaThread "C2 CompilerThread1" daemon [_thread_blocked, id=4492, stack(0x000000000a2e0000,0x000000000a3e0000)]
=>0x0000000008c20800 JavaThread "C2 CompilerThread0" daemon [_thread_in_native, id=1004, stack(0x000000000a1e0000,0x000000000a2e0000)]
  0x0000000008c1f800 JavaThread "Attach Listener" daemon [_thread_blocked, id=5000, stack(0x000000000a0e0000,0x000000000a1e0000)]
  0x0000000008c1c800 JavaThread "Signal Dispatcher" daemon [_thread_blocked, id=7368, stack(0x0000000009fe0000,0x000000000a0e0000)]
  0x0000000008bb8000 JavaThread "Finalizer" daemon [_thread_blocked, id=6616, stack(0x0000000009ee0000,0x0000000009fe0000)]
  0x0000000008baf000 JavaThread "Reference Handler" daemon [_thread_blocked, id=6376, stack(0x0000000009de0000,0x0000000009ee0000)]
  0x0000000002710800 JavaThread "main" [_thread_in_Java, id=5412, stack(0x0000000002610000,0x0000000002710000)]

Other Threads:
  0x0000000008ba6800 VMThread [stack: 0x0000000009ce0000,0x0000000009de0000] [id=5196]
  0x0000000008c3a800 WatcherThread [stack: 0x000000000a4e0000,0x000000000a5e0000] [id=692]

VM state:not at safepoint (normal execution)

VM Mutex/Monitor currently owned by a thread: None

Heap
 PSYoungGen      total 137024K, used 69770K [0x00000000eaab0000, 0x00000000f40d0000, 0x0000000100000000)
  eden space 124544K, 47% used [0x00000000eaab0000,0x00000000ee418140,0x00000000f2450000)
  from space 12480K, 88% used [0x00000000f31e0000,0x00000000f3c9a988,0x00000000f3e10000)
  to   space 13888K, 0% used [0x00000000f2450000,0x00000000f2450000,0x00000000f31e0000)
 ParOldGen       total 41728K, used 22051K [0x00000000c0000000, 0x00000000c28c0000, 0x00000000eaab0000)
  object space 41728K, 52% used [0x00000000c0000000,0x00000000c1588d60,0x00000000c28c0000)
 PSPermGen       total 21248K, used 5910K [0x00000000bae00000, 0x00000000bc2c0000, 0x00000000c0000000)
  object space 21248K, 27% used [0x00000000bae00000,0x00000000bb3c58c8,0x00000000bc2c0000)

Card table byte_map: [0x0000000005810000,0x0000000005a40000] byte_map_base: 0x0000000005239000

Polling page: 0x0000000000c60000

Code Cache  [0x0000000002810000, 0x0000000002a80000, 0x0000000005810000)
 total_blobs=800 nmethods=568 adapters=183 free_code_cache=46784Kb largest_free_block=47837760

Compilation events (10 events):
Event: 9.418 Thread 0x0000000008c2a800  576             com.android.dx.rop.code.PlainCstInsn::withNewRegisters (22 bytes)
Event: 9.420 Thread 0x0000000008c2a800 nmethod 576 0x0000000002a2cf10 code [0x0000000002a2d060, 0x0000000002a2d238]
Event: 9.420 Thread 0x0000000008c2a800  577             com.android.dx.rop.type.Prototype::getParameterTypes (5 bytes)
Event: 9.421 Thread 0x0000000008c2a800 nmethod 577 0x0000000002a2fbd0 code [0x0000000002a2fd00, 0x0000000002a2fd58]
Event: 9.434 Thread 0x0000000008c20800 nmethod 571 0x0000000002a63790 code [0x0000000002a64ee0, 0x0000000002a6a9f8]
Event: 9.441 Thread 0x0000000008c2a800  578             java.util.TreeMap$ValueIterator::next (8 bytes)
Event: 9.443 Thread 0x0000000008c2a800 nmethod 578 0x0000000002a2cb10 code [0x0000000002a2cc60, 0x0000000002a2cd78]
Event: 9.474 Thread 0x0000000008c20800  579             java.util.ComparableTimSort::binarySort (223 bytes)
Event: 9.474 Thread 0x0000000008c2a800  580             com.android.dx.rop.cst.Constant::compareTo (33 bytes)
Event: 9.476 Thread 0x0000000008c2a800 nmethod 580 0x0000000002a2c650 code [0x0000000002a2c7a0, 0x0000000002a2c978]

GC Heap History (10 events):
Event: 3.583 GC heap before
{Heap before GC invocations=2 (full 0):
 PSYoungGen      total 18304K, used 18284K [0x00000000eaab0000, 0x00000000ece70000, 0x0000000100000000)
  eden space 15744K, 100% used [0x00000000eaab0000,0x00000000eba10000,0x00000000eba10000)
  from space 2560K, 99% used [0x00000000eba10000,0x00000000ebc8b0e0,0x00000000ebc90000)
  to   space 2560K, 0% used [0x00000000ecbf0000,0x00000000ecbf0000,0x00000000ece70000)
 ParOldGen       total 41728K, used 1300K [0x00000000c0000000, 0x00000000c28c0000, 0x00000000eaab0000)
  object space 41728K, 3% used [0x00000000c0000000,0x00000000c0145118,0x00000000c28c0000)
 PSPermGen       total 21248K, used 5674K [0x00000000bae00000, 0x00000000bc2c0000, 0x00000000c0000000)
  object space 21248K, 26% used [0x00000000bae00000,0x00000000bb38aa40,0x00000000bc2c0000)
Event: 3.704 GC heap after
Heap after GC invocations=2 (full 0):
 PSYoungGen      total 34048K, used 2535K [0x00000000eaab0000, 0x00000000ece70000, 0x0000000100000000)
  eden space 31488K, 0% used [0x00000000eaab0000,0x00000000eaab0000,0x00000000ec970000)
  from space 2560K, 99% used [0x00000000ecbf0000,0x00000000ece69c98,0x00000000ece70000)
  to   space 2560K, 0% used [0x00000000ec970000,0x00000000ec970000,0x00000000ecbf0000)
 ParOldGen       total 41728K, used 3205K [0x00000000c0000000, 0x00000000c28c0000, 0x00000000eaab0000)
  object space 41728K, 7% used [0x00000000c0000000,0x00000000c03216a0,0x00000000c28c0000)
 PSPermGen       total 21248K, used 5674K [0x00000000bae00000, 0x00000000bc2c0000, 0x00000000c0000000)
  object space 21248K, 26% used [0x00000000bae00000,0x00000000bb38aa40,0x00000000bc2c0000)
}
Event: 5.774 GC heap before
{Heap before GC invocations=3 (full 0):
 PSYoungGen      total 34048K, used 34023K [0x00000000eaab0000, 0x00000000ece70000, 0x0000000100000000)
  eden space 31488K, 100% used [0x00000000eaab0000,0x00000000ec970000,0x00000000ec970000)
  from space 2560K, 99% used [0x00000000ecbf0000,0x00000000ece69c98,0x00000000ece70000)
  to   space 2560K, 0% used [0x00000000ec970000,0x00000000ec970000,0x00000000ecbf0000)
 ParOldGen       total 41728K, used 3205K [0x00000000c0000000, 0x00000000c28c0000, 0x00000000eaab0000)
  object space 41728K, 7% used [0x00000000c0000000,0x00000000c03216a0,0x00000000c28c0000)
 PSPermGen       total 21248K, used 5758K [0x00000000bae00000, 0x00000000bc2c0000, 0x00000000c0000000)
  object space 21248K, 27% used [0x00000000bae00000,0x00000000bb39fb80,0x00000000bc2c0000)
Event: 5.789 GC heap after
Heap after GC invocations=3 (full 0):
 PSYoungGen      total 34048K, used 2549K [0x00000000eaab0000, 0x00000000eed30000, 0x0000000100000000)
  eden space 31488K, 0% used [0x00000000eaab0000,0x00000000eaab0000,0x00000000ec970000)
  from space 2560K, 99% used [0x00000000ec970000,0x00000000ecbed468,0x00000000ecbf0000)
  to   space 2560K, 0% used [0x00000000eeab0000,0x00000000eeab0000,0x00000000eed30000)
 ParOldGen       total 41728K, used 7499K [0x00000000c0000000, 0x00000000c28c0000, 0x00000000eaab0000)
  object space 41728K, 17% used [0x00000000c0000000,0x00000000c0752cf0,0x00000000c28c0000)
 PSPermGen       total 21248K, used 5758K [0x00000000bae00000, 0x00000000bc2c0000, 0x00000000c0000000)
  object space 21248K, 27% used [0x00000000bae00000,0x00000000bb39fb80,0x00000000bc2c0000)
}
Event: 6.726 GC heap before
{Heap before GC invocations=4 (full 0):
 PSYoungGen      total 34048K, used 34037K [0x00000000eaab0000, 0x00000000eed30000, 0x0000000100000000)
  eden space 31488K, 100% used [0x00000000eaab0000,0x00000000ec970000,0x00000000ec970000)
  from space 2560K, 99% used [0x00000000ec970000,0x00000000ecbed468,0x00000000ecbf0000)
  to   space 2560K, 0% used [0x00000000eeab0000,0x00000000eeab0000,0x00000000eed30000)
 ParOldGen       total 41728K, used 7499K [0x00000000c0000000, 0x00000000c28c0000, 0x00000000eaab0000)
  object space 41728K, 17% used [0x00000000c0000000,0x00000000c0752cf0,0x00000000c28c0000)
 PSPermGen       total 21248K, used 5788K [0x00000000bae00000, 0x00000000bc2c0000, 0x00000000c0000000)
  object space 21248K, 27% used [0x00000000bae00000,0x00000000bb3a70c8,0x00000000bc2c0000)
Event: 6.766 GC heap after
Heap after GC invocations=4 (full 0):
 PSYoungGen      total 65536K, used 2539K [0x00000000eaab0000, 0x00000000eed30000, 0x0000000100000000)
  eden space 62976K, 0% used [0x00000000eaab0000,0x00000000eaab0000,0x00000000ee830000)
  from space 2560K, 99% used [0x00000000eeab0000,0x00000000eed2afc8,0x00000000eed30000)
  to   space 2560K, 0% used [0x00000000ee830000,0x00000000ee830000,0x00000000eeab0000)
 ParOldGen       total 41728K, used 12317K [0x00000000c0000000, 0x00000000c28c0000, 0x00000000eaab0000)
  object space 41728K, 29% used [0x00000000c0000000,0x00000000c0c07760,0x00000000c28c0000)
 PSPermGen       total 21248K, used 5788K [0x00000000bae00000, 0x00000000bc2c0000, 0x00000000c0000000)
  object space 21248K, 27% used [0x00000000bae00000,0x00000000bb3a70c8,0x00000000bc2c0000)
}
Event: 7.832 GC heap before
{Heap before GC invocations=5 (full 0):
 PSYoungGen      total 65536K, used 65515K [0x00000000eaab0000, 0x00000000eed30000, 0x0000000100000000)
  eden space 62976K, 100% used [0x00000000eaab0000,0x00000000ee830000,0x00000000ee830000)
  from space 2560K, 99% used [0x00000000eeab0000,0x00000000eed2afc8,0x00000000eed30000)
  to   space 2560K, 0% used [0x00000000ee830000,0x00000000ee830000,0x00000000eeab0000)
 ParOldGen       total 41728K, used 12317K [0x00000000c0000000, 0x00000000c28c0000, 0x00000000eaab0000)
  object space 41728K, 29% used [0x00000000c0000000,0x00000000c0c07760,0x00000000c28c0000)
 PSPermGen       total 21248K, used 5823K [0x00000000bae00000, 0x00000000bc2c0000, 0x00000000c0000000)
  object space 21248K, 27% used [0x00000000bae00000,0x00000000bb3afe20,0x00000000bc2c0000)
Event: 7.861 GC heap after
Heap after GC invocations=5 (full 0):
 PSYoungGen      total 65536K, used 2533K [0x00000000eaab0000, 0x00000000f3e10000, 0x0000000100000000)
  eden space 62976K, 0% used [0x00000000eaab0000,0x00000000eaab0000,0x00000000ee830000)
  from space 2560K, 98% used [0x00000000ee830000,0x00000000eeaa9530,0x00000000eeab0000)
  to   space 12480K, 0% used [0x00000000f31e0000,0x00000000f31e0000,0x00000000f3e10000)
 ParOldGen       total 41728K, used 22051K [0x00000000c0000000, 0x00000000c28c0000, 0x00000000eaab0000)
  object space 41728K, 52% used [0x00000000c0000000,0x00000000c1588d60,0x00000000c28c0000)
 PSPermGen       total 21248K, used 5823K [0x00000000bae00000, 0x00000000bc2c0000, 0x00000000c0000000)
  object space 21248K, 27% used [0x00000000bae00000,0x00000000bb3afe20,0x00000000bc2c0000)
}
Event: 8.670 GC heap before
{Heap before GC invocations=6 (full 0):
 PSYoungGen      total 65536K, used 65509K [0x00000000eaab0000, 0x00000000f3e10000, 0x0000000100000000)
  eden space 62976K, 100% used [0x00000000eaab0000,0x00000000ee830000,0x00000000ee830000)
  from space 2560K, 98% used [0x00000000ee830000,0x00000000eeaa9530,0x00000000eeab0000)
  to   space 12480K, 0% used [0x00000000f31e0000,0x00000000f31e0000,0x00000000f3e10000)
 ParOldGen       total 41728K, used 22051K [0x00000000c0000000, 0x00000000c28c0000, 0x00000000eaab0000)
  object space 41728K, 52% used [0x00000000c0000000,0x00000000c1588d60,0x00000000c28c0000)
 PSPermGen       total 21248K, used 5856K [0x00000000bae00000, 0x00000000bc2c0000, 0x00000000c0000000)
  object space 21248K, 27% used [0x00000000bae00000,0x00000000bb3b80b0,0x00000000bc2c0000)
Event: 8.704 GC heap after
Heap after GC invocations=6 (full 0):
 PSYoungGen      total 137024K, used 10986K [0x00000000eaab0000, 0x00000000f40d0000, 0x0000000100000000)
  eden space 124544K, 0% used [0x00000000eaab0000,0x00000000eaab0000,0x00000000f2450000)
  from space 12480K, 88% used [0x00000000f31e0000,0x00000000f3c9a988,0x00000000f3e10000)
  to   space 13888K, 0% used [0x00000000f2450000,0x00000000f2450000,0x00000000f31e0000)
 ParOldGen       total 41728K, used 22051K [0x00000000c0000000, 0x00000000c28c0000, 0x00000000eaab0000)
  object space 41728K, 52% used [0x00000000c0000000,0x00000000c1588d60,0x00000000c28c0000)
 PSPermGen       total 21248K, used 5856K [0x00000000bae00000, 0x00000000bc2c0000, 0x00000000c0000000)
  object space 21248K, 27% used [0x00000000bae00000,0x00000000bb3b80b0,0x00000000bc2c0000)
}

Deoptimization events (10 events):
Event: 7.696 Thread 0x0000000002710800 Uncommon trap -58 fr.pc 0x000000000292df40
Event: 7.696 Thread 0x0000000002710800 Uncommon trap -58 fr.pc 0x000000000292dfc0
Event: 7.696 Thread 0x0000000002710800 Uncommon trap -58 fr.pc 0x000000000292df40
Event: 7.696 Thread 0x0000000002710800 Uncommon trap -58 fr.pc 0x000000000292dfc0
Event: 7.787 Thread 0x0000000002710800 Uncommon trap -83 fr.pc 0x00000000029d9e78
Event: 7.888 Thread 0x0000000002710800 Uncommon trap -34 fr.pc 0x00000000029b56a8
Event: 7.888 Thread 0x0000000002710800 Uncommon trap -34 fr.pc 0x00000000029b56a8
Event: 8.089 Thread 0x0000000002710800 Uncommon trap 210 fr.pc 0x00000000029a3f2c
Event: 9.118 Thread 0x0000000002710800 Uncommon trap -58 fr.pc 0x0000000002a345f4
Event: 9.118 Thread 0x0000000002710800 Uncommon trap -58 fr.pc 0x0000000002a345f4

Internal exceptions (10 events):
Event: 3.855 Thread 0x0000000002710800 Threw 0x00000000ead3f668 at C:\jdk7u2_64p\jdk7u25\hotspot\src\share\vm\prims\jvm.cpp:1235
Event: 4.621 Thread 0x0000000002710800 Threw 0x00000000eb6389c8 at C:\jdk7u2_64p\jdk7u25\hotspot\src\share\vm\prims\jvm.cpp:1235
Event: 5.384 Thread 0x0000000002710800 Threw 0x00000000ec2c6070 at C:\jdk7u2_64p\jdk7u25\hotspot\src\share\vm\prims\jvm.cpp:1235
Event: 6.016 Thread 0x0000000002710800 Threw 0x00000000eadf0ef8 at C:\jdk7u2_64p\jdk7u25\hotspot\src\share\vm\prims\jvm.cpp:1235
Event: 6.340 Thread 0x0000000002710800 Implicit null exception at 0x00000000029c3c9c to 0x00000000029c457d
Event: 6.508 Thread 0x0000000002710800 Threw 0x00000000ec24ccb0 at C:\jdk7u2_64p\jdk7u25\hotspot\src\share\vm\prims\jvm.cpp:1235
Event: 7.166 Thread 0x0000000002710800 Implicit null exception at 0x00000000029eabe4 to 0x00000000029ecadd
Event: 8.094 Thread 0x0000000002710800 Threw 0x00000000ebf7b848 at C:\jdk7u2_64p\jdk7u25\hotspot\src\share\vm\prims\jvm.cpp:1235
Event: 9.053 Thread 0x0000000002710800 Threw 0x00000000ec89c370 at C:\jdk7u2_64p\jdk7u25\hotspot\src\share\vm\prims\jvm.cpp:1235
Event: 9.439 Thread 0x0000000002710800 Threw 0x00000000ee2bf018 at C:\jdk7u2_64p\jdk7u25\hotspot\src\share\vm\prims\jvm.cpp:1235

Events (10 events):
Event: 9.380 loading class 0x0000000008c507d0
Event: 9.380 loading class 0x0000000008c507d0 done
Event: 9.380 loading class 0x000000000a713d70 done
Event: 9.380 loading class 0x0000000008c508f0 done
Event: 9.380 loading class 0x0000000008c78490
Event: 9.380 loading class 0x0000000008c78490 done
Event: 9.381 loading class 0x0000000008bc6690
Event: 9.433 loading class 0x0000000008bc6690 done
Event: 9.438 loading class 0x000000000a7aec50
Event: 9.438 loading class 0x000000000a7aec50 done


Dynamic libraries:
0x00007ff7677c0000 - 0x00007ff7677f3000 	C:\Program Files\Java\jdk1.7.0_25\bin\java.exe
0x00007ff941ab0000 - 0x00007ff941c5c000 	C:\WINDOWS\SYSTEM32\ntdll.dll
0x00007ff941800000 - 0x00007ff94193a000 	C:\WINDOWS\system32\KERNEL32.DLL
0x00007ff93f220000 - 0x00007ff93f32f000 	C:\WINDOWS\system32\KERNELBASE.dll
0x00007ff93da00000 - 0x00007ff93da88000 	C:\WINDOWS\system32\apphelp.dll
0x00007ff9330f0000 - 0x00007ff93313f000 	C:\WINDOWS\AppPatch\AppPatch64\AcGenral.DLL
0x00007ff9416e0000 - 0x00007ff941787000 	C:\WINDOWS\system32\msvcrt.dll
0x00007ff93ecd0000 - 0x00007ff93ecfb000 	C:\WINDOWS\SYSTEM32\SspiCli.dll
0x00007ff9417a0000 - 0x00007ff9417f1000 	C:\WINDOWS\system32\SHLWAPI.dll
0x00007ff93f6c0000 - 0x00007ff93f831000 	C:\WINDOWS\system32\USER32.dll
0x00007ff93f840000 - 0x00007ff93f9b8000 	C:\WINDOWS\system32\ole32.dll
0x00007ff93fa70000 - 0x00007ff940e7f000 	C:\WINDOWS\system32\SHELL32.dll
0x00007ff93e460000 - 0x00007ff93e47e000 	C:\WINDOWS\SYSTEM32\USERENV.dll
0x00007ff941520000 - 0x00007ff9415c5000 	C:\WINDOWS\system32\ADVAPI32.dll
0x00007ff932fd0000 - 0x00007ff932feb000 	C:\WINDOWS\SYSTEM32\MPR.dll
0x00007ff941060000 - 0x00007ff941197000 	C:\WINDOWS\system32\RPCRT4.dll
0x00007ff941680000 - 0x00007ff9416d7000 	C:\WINDOWS\SYSTEM32\sechost.dll
0x00007ff940e80000 - 0x00007ff941056000 	C:\WINDOWS\SYSTEM32\combase.dll
0x00007ff9413d0000 - 0x00007ff941514000 	C:\WINDOWS\system32\GDI32.dll
0x00007ff93ee20000 - 0x00007ff93ee34000 	C:\WINDOWS\SYSTEM32\profapi.dll
0x00007ff93d200000 - 0x00007ff93d29f000 	C:\WINDOWS\SYSTEM32\SHCORE.dll
0x00007ff9415d0000 - 0x00007ff941604000 	C:\WINDOWS\system32\IMM32.DLL
0x00007ff9411a0000 - 0x00007ff9412d9000 	C:\WINDOWS\system32\MSCTF.dll
0x00007ff93c6d0000 - 0x00007ff93c92a000 	C:\WINDOWS\WinSxS\amd64_microsoft.windows.common-controls_6595b64144ccf1df_6.0.9600.17031_none_6242a4b3ecbb55a1\COMCTL32.dll
0x000000005ae60000 - 0x000000005af31000 	C:\Program Files\Java\jdk1.7.0_25\jre\bin\msvcr100.dll
0x000000005a750000 - 0x000000005ae5f000 	C:\Program Files\Java\jdk1.7.0_25\jre\bin\server\jvm.dll
0x00007ff937270000 - 0x00007ff937279000 	C:\WINDOWS\SYSTEM32\WSOCK32.dll
0x00007ff937420000 - 0x00007ff93743f000 	C:\WINDOWS\SYSTEM32\WINMM.dll
0x00007ff941aa0000 - 0x00007ff941aa7000 	C:\WINDOWS\system32\PSAPI.DLL
0x00007ff9419e0000 - 0x00007ff941a38000 	C:\WINDOWS\system32\WS2_32.dll
0x00007ff9373f0000 - 0x00007ff93741a000 	C:\WINDOWS\SYSTEM32\WINMMBASE.dll
0x00007ff941670000 - 0x00007ff941679000 	C:\WINDOWS\system32\NSI.dll
0x00007ff93f0d0000 - 0x00007ff93f11a000 	C:\WINDOWS\SYSTEM32\cfgmgr32.dll
0x00007ff93dc70000 - 0x00007ff93dc96000 	C:\WINDOWS\SYSTEM32\DEVOBJ.dll
0x000000005afb0000 - 0x000000005afbf000 	C:\Program Files\Java\jdk1.7.0_25\jre\bin\verify.dll
0x000000005a720000 - 0x000000005a748000 	C:\Program Files\Java\jdk1.7.0_25\jre\bin\java.dll
0x000000005af90000 - 0x000000005afa5000 	C:\Program Files\Java\jdk1.7.0_25\jre\bin\zip.dll
0x000000005a700000 - 0x000000005a719000 	C:\Program Files\Java\jdk1.7.0_25\jre\bin\net.dll
0x00007ff93e820000 - 0x00007ff93e878000 	C:\WINDOWS\system32\mswsock.dll
0x000000005a6e0000 - 0x000000005a6f1000 	C:\Program Files\Java\jdk1.7.0_25\jre\bin\nio.dll

VM Arguments:
jvm_args: -Xmx1024M -Dfile.encoding=windows-1252 -Duser.country=SG -Duser.language=en -Duser.variant 
java_command: com.android.dx.command.Main --dex --output D:\Dropbox\Programming\Android.Training\MyCalc\app\build\intermediates\pre-dexed\debug\classes-6d4baca260a99e44525426e6e51c7ca57305e7ad.jar D:\Dropbox\Programming\Android.Training\MyCalc\app\build\intermediates\exploded-aar\com.android.support\appcompat-v7\21.0.3\classes.jar
Launcher Type: SUN_STANDARD

Environment Variables:
JAVA_HOME=C:\Program Files\Java\jdk1.8.0_25
PATH=C:\ProgramData\Oracle\Java\javapath;C:\MinGW\bin;C:\windows\system32;C:\Program Files\Java\jdk1.8.0_25\bin;C:\Program Files (x86)\Windows Live\Shared;C:\_Program\Android Development\android-sdk_r10-windows\android-sdk-windows\tools;C:\apacheANT\bin;C:\_Program\Android Development\android-sdk_r10-windows\android-sdk-windows\platform-tools;C:\OpenSSL\bin;C:\Program Files\Common Files\Autodesk Shared\;C:\WINDOWS\system32;C:\WINDOWS;C:\WINDOWS\System32\Wbem;C:\WINDOWS\System32\WindowsPowerShell\v1.0\;D:\CobaCoba\jflex\bin\;C:\Program Files (x86)\Windows Kits\8.0\Windows Performance Toolkit\;C:\Program Files (x86)\MySQL\MySQL Utilities 1.4.3\;C:\Program Files (x86)\MySQL\MySQL Utilities 1.4.3\Doctrine extensions for PHP\;C:\Program Files (x86)\Common Files\lenovo\easyplussdk\bin;C:\Program Files (x86)\Cracklock\Bin
USERNAME=franziz
OS=Windows_NT
PROCESSOR_IDENTIFIER=Intel64 Family 6 Model 58 Stepping 9, GenuineIntel



---------------  S Y S T E M  ---------------

OS: Windows 8 , 64 bit Build 9200 

CPU:total 4 (2 cores per cpu, 2 threads per core) family 6 model 58 stepping 9, cmov, cx8, fxsr, mmx, sse, sse2, sse3, ssse3, sse4.1, sse4.2, popcnt, avx, ht, tsc, tscinvbit, tscinv

Memory: 4k page, physical 4005148k(528280k free), swap 7150876k(4300k free)

vm_info: Java HotSpot(TM) 64-Bit Server VM (23.25-b01) for windows-amd64 JRE (1.7.0_25-b17), built on Jun 21 2013 12:58:32 by "java_re" with unknown MS VC++:1600

time: Fri Feb 27 21:53:20 2015
elapsed time: 9 seconds

